<?xml version="1.0" encoding="UTF-8"?>
<!-- Generated by org.testng.reporters.JUnitXMLReporter -->
<testsuite ignored="2" hostname="DESKTOP-8QO5QQS" failures="0" tests="1" name="Default test" time="6.641" errors="0" timestamp="2026-02-09T16:07:39 ICT">
  <testcase classname="src.CreateAccountTest" name="TC08" time="4.189"/>
  <testcase classname="src.CreateAccountTest" name="TC09" time="0.0">
    <ignored/>
  </testcase> <!-- TC09 -->
  <testcase classname="src.CreateAccountTest" name="TC07" time="0.0">
    <ignored/>
  </testcase> <!-- TC07 -->
</testsuite> <!-- Default test -->
