<?xml version="1.0" encoding="UTF-8"?>
<testng-results ignored="2" total="3" passed="1" failed="0" skipped="0">
  <reporter-output>
  </reporter-output>
  <suite started-at="2026-02-09T16:07:32 ICT" name="Default suite" finished-at="2026-02-09T16:07:39 ICT" duration-ms="6641">
    <groups>
    </groups>
    <test started-at="2026-02-09T16:07:32 ICT" name="Default test" finished-at="2026-02-09T16:07:39 ICT" duration-ms="6641">
      <class name="src.CreateAccountTest">
        <test-method is-config="true" signature="setUp()[pri:0, instance:src.CreateAccountTest@4afcd809]" started-at="2026-02-09T16:07:32 ICT" name="setUp" finished-at="2026-02-09T16:07:34 ICT" duration-ms="2114" status="PASS">
          <reporter-output>
          </reporter-output>
        </test-method> <!-- setUp -->
        <test-method signature="TC08()[pri:0, instance:src.CreateAccountTest@4afcd809]" started-at="2026-02-09T16:07:34 ICT" name="TC08" finished-at="2026-02-09T16:07:38 ICT" duration-ms="4189" status="PASS">
          <reporter-output>
          </reporter-output>
        </test-method> <!-- TC08 -->
        <test-method is-config="true" signature="tearDown()[pri:0, instance:src.CreateAccountTest@4afcd809]" started-at="2026-02-09T16:07:38 ICT" name="tearDown" finished-at="2026-02-09T16:07:39 ICT" duration-ms="283" status="PASS">
          <reporter-output>
          </reporter-output>
        </test-method> <!-- tearDown -->
      </class> <!-- src.CreateAccountTest -->
    </test> <!-- Default test -->
  </suite> <!-- Default suite -->
</testng-results>
