<?xml version="1.0" encoding="UTF-8"?>
<testng-results ignored="0" total="1" passed="1" failed="0" skipped="0">
  <reporter-output>
  </reporter-output>
  <suite started-at="2026-02-06T16:34:08 ICT" name="Default suite" finished-at="2026-02-06T16:34:46 ICT" duration-ms="37756">
    <groups>
    </groups>
    <test started-at="2026-02-06T16:34:08 ICT" name="Default test" finished-at="2026-02-06T16:34:46 ICT" duration-ms="37756">
      <class name="src.CreateAccountTest">
        <test-method is-config="true" signature="setUp()[pri:0, instance:src.CreateAccountTest@3754a4bf]" started-at="2026-02-06T16:34:08 ICT" name="setUp" finished-at="2026-02-06T16:34:10 ICT" duration-ms="1528" status="PASS">
          <reporter-output>
          </reporter-output>
        </test-method> <!-- setUp -->
        <test-method signature="TC07()[pri:0, instance:src.CreateAccountTest@3754a4bf]" started-at="2026-02-06T16:34:10 ICT" name="TC07" finished-at="2026-02-06T16:34:46 ICT" duration-ms="35891" status="PASS">
          <reporter-output>
          </reporter-output>
        </test-method> <!-- TC07 -->
        <test-method is-config="true" signature="tearDown()[pri:0, instance:src.CreateAccountTest@3754a4bf]" started-at="2026-02-06T16:34:46 ICT" name="tearDown" finished-at="2026-02-06T16:34:46 ICT" duration-ms="290" status="PASS">
          <reporter-output>
          </reporter-output>
        </test-method> <!-- tearDown -->
      </class> <!-- src.CreateAccountTest -->
    </test> <!-- Default test -->
  </suite> <!-- Default suite -->
</testng-results>
